2026-07-06 04:59:55,427 INFO     forge.core.evaluator — Executing 1 benchmark case file(s)...
2026-07-06 04:59:55,440 INFO     forge.core.spawner — Loaded tools_impl.py for blueprint 'hund-persona'
2026-07-06 04:59:55,441 INFO     forge.core.spawner — Running benchmark case 'stressad-william'...
2026-07-06 04:59:55,441 INFO     forge.core.spawner — Running benchmark case 'server-crash'...
2026-07-06 04:59:55,441 INFO     forge.core.spawner — Running benchmark case 'osaker-fraga'...
2026-07-06 04:59:55,442 INFO     forge.core.spawner — Running benchmark case 'upprepad-fraga'...
2026-07-06 04:59:55,443 INFO     forge.core.spawner — Running benchmark case 'agent-rekommendation'...
2026-07-06 04:59:56,651 INFO     forge.core.spawner — Tool 'list_active_agents' executed via tools_impl.py
2026-07-06 04:59:56,651 INFO     forge.core.spawner — Tool call: list_active_agents({}) -> dispatched
2026-07-06 04:59:56,734 INFO     forge.core.spawner — Tool 'search_knowledge_base' executed via tools_impl.py
2026-07-06 04:59:56,734 INFO     forge.core.spawner — Tool call: search_knowledge_base({'query': 'GPU kostnader prognos nasta kvartal', 'scope': 'all'}) -> dispatched
2026-07-06 04:59:57,154 INFO     forge.core.spawner — Tool 'get_agent_status' executed via tools_impl.py
2026-07-06 04:59:57,154 INFO     forge.core.spawner — Tool call: get_agent_status({'agent_id': 'invoice-reviewer'}) -> dispatched
2026-07-06 04:59:58,192 INFO     forge.core.spawner — Tool 'search_knowledge_base' executed via tools_impl.py
2026-07-06 04:59:58,192 INFO     forge.core.spawner — Tool call: search_knowledge_base({'query': 'GPU kostnader prognos nasta kvartal', 'scope': 'all'}) -> dispatched
2026-07-06 04:59:58,204 INFO     forge.core.spawner — Tool 'search_knowledge_base' executed via tools_impl.py
2026-07-06 04:59:58,205 INFO     forge.core.spawner — Tool call: search_knowledge_base({'query': 'GPU kostnader prognos nasta kvartal', 'scope': 'all'}) -> dispatched
2026-07-06 04:59:58,210 INFO     forge.core.spawner — Tool 'search_knowledge_base' executed via tools_impl.py
2026-07-06 04:59:58,210 INFO     forge.core.spawner — Tool 'get_agent_status' executed via tools_impl.py
2026-07-06 04:59:58,211 INFO     forge.core.spawner — Tool call: search_knowledge_base({'query': 'GPU kostnader prognos nasta kvartal', 'scope': 'all'}) -> dispatched
2026-07-06 04:59:58,211 INFO     forge.core.spawner — Tool call: get_agent_status({'agent_id': 'invoice-reviewer-agent'}) -> dispatched
2026-07-06 04:59:58,216 INFO     forge.core.spawner — Tool 'search_knowledge_base' executed via tools_impl.py
2026-07-06 04:59:58,216 INFO     forge.core.spawner — Tool call: search_knowledge_base({'query': 'GPU kostnader prognos nasta kvartal', 'scope': 'all'}) -> dispatched
2026-07-06 04:59:58,217 WARNING  forge.core.spawner — MAX_TOOL_TURNS (5) reached without a final text response.
2026-07-06 05:00:11,398 INFO     forge.core.teacher — Bumped hund-persona version: 1.0.12 -> 1.0.13
