2026-07-06 05:00:11,626 INFO     forge.core.evaluator — Executing 1 benchmark case file(s)...
2026-07-06 05:00:11,644 INFO     forge.core.spawner — Loaded tools_impl.py for blueprint 'hund-persona'
2026-07-06 05:00:11,646 INFO     forge.core.spawner — Running benchmark case 'stressad-william'...
2026-07-06 05:00:11,647 INFO     forge.core.spawner — Running benchmark case 'server-crash'...
2026-07-06 05:00:11,647 INFO     forge.core.spawner — Running benchmark case 'osaker-fraga'...
2026-07-06 05:00:11,653 INFO     forge.core.spawner — Running benchmark case 'upprepad-fraga'...
2026-07-06 05:00:13,219 INFO     forge.core.spawner — Tool 'search_knowledge_base' executed via tools_impl.py
2026-07-06 05:00:13,219 INFO     forge.core.spawner — Tool call: search_knowledge_base({'query': 'GPU kostnader prognos nasta kvartal', 'scope': 'all'}) -> dispatched
2026-07-06 05:00:13,346 INFO     forge.core.spawner — Tool 'list_active_agents' executed via tools_impl.py
2026-07-06 05:00:13,346 INFO     forge.core.spawner — Tool call: list_active_agents({}) -> dispatched
2026-07-06 05:00:17,179 INFO     forge.core.evaluator — Executing 1 benchmark case file(s)...
2026-07-06 05:00:17,191 INFO     forge.core.spawner — Loaded tools_impl.py for blueprint 'hund-persona'
2026-07-06 05:00:17,192 INFO     forge.core.spawner — Running benchmark case 'stressad-william'...
2026-07-06 05:00:17,192 INFO     forge.core.spawner — Running benchmark case 'server-crash'...
2026-07-06 05:00:17,193 INFO     forge.core.spawner — Running benchmark case 'osaker-fraga'...
2026-07-06 05:00:17,193 INFO     forge.core.spawner — Running benchmark case 'upprepad-fraga'...
2026-07-06 05:00:17,194 INFO     forge.core.spawner — Running benchmark case 'agent-rekommendation'...
2026-07-06 05:00:17,201 INFO     forge.core.spawner — Tool 'search_knowledge_base' executed via tools_impl.py
2026-07-06 05:00:17,201 INFO     forge.core.spawner — Tool call: search_knowledge_base({'query': 'GPU kostnader prognos nasta kvartal', 'scope': 'all'}) -> dispatched
2026-07-06 05:00:17,201 INFO     forge.core.spawner — Tool 'list_active_agents' executed via tools_impl.py
2026-07-06 05:00:17,204 INFO     forge.core.spawner — Tool call: list_active_agents({}) -> dispatched
